Creating venv in /localscratch/edouardr.55595183.0/env ...
created virtual environment CPython3.11.5.final.0-64 in 64687ms
  creator CPython3Posix(dest=/localscratch/edouardr.55595183.0/env, clear=False, no_vcs_ignore=False, global=False)
  seeder FromAppData(download=False, pip=bundle, setuptools=bundle, wheel=bundle, via=copy, app_data_dir=/home/edouardr/.local/share/virtualenv)
    added seed packages: pip==23.2.1, setuptools==68.0.0, wheel==0.41.1
  activators BashActivator,CShellActivator,FishActivator,NushellActivator,PowerShellActivator,PythonActivator
Looking in links: /cvmfs/soft.computecanada.ca/custom/python/wheelhouse/gentoo2023/x86-64-v4, /cvmfs/soft.computecanada.ca/custom/python/wheelhouse/gentoo2023/x86-64-v3, /cvmfs/soft.computecanada.ca/custom/python/wheelhouse/gentoo2023/generic, /cvmfs/soft.computecanada.ca/custom/python/wheelhouse/generic
Requirement already satisfied: pip in /localscratch/edouardr.55595183.0/env/lib/python3.11/site-packages (23.2.1)
Processing /cvmfs/soft.computecanada.ca/custom/python/wheelhouse/generic/pip-25.0+computecanada-py3-none-any.whl
Installing collected packages: pip
  Attempting uninstall: pip
    Found existing installation: pip 23.2.1
    Uninstalling pip-23.2.1:
      Successfully uninstalled pip-23.2.1
Successfully installed pip-25.0+computecanada
Looking in links: /cvmfs/soft.computecanada.ca/custom/python/wheelhouse/gentoo2023/x86-64-v4, /cvmfs/soft.computecanada.ca/custom/python/wheelhouse/gentoo2023/x86-64-v3, /cvmfs/soft.computecanada.ca/custom/python/wheelhouse/gentoo2023/generic, /cvmfs/soft.computecanada.ca/custom/python/wheelhouse/generic
Processing /cvmfs/soft.computecanada.ca/custom/python/wheelhouse/generic/einops-0.8.1+computecanada-py3-none-any.whl (from -r /lustre03/project/6022836/edouardr/VRP/requirements-clean.txt (line 1))
Processing /cvmfs/soft.computecanada.ca/custom/python/wheelhouse/generic/huggingface_hub-0.29.3+computecanada-py3-none-any.whl (from -r /lustre03/project/6022836/edouardr/VRP/requirements-clean.txt (line 2))
Processing /cvmfs/soft.computecanada.ca/custom/python/wheelhouse/generic/hydra_core-1.3.2+computecanada-py3-none-any.whl (from -r /lustre03/project/6022836/edouardr/VRP/requirements-clean.txt (line 3))
Processing /cvmfs/soft.computecanada.ca/custom/python/wheelhouse/generic/ipykernel-6.29.5+computecanada-py3-none-any.whl (from -r /lustre03/project/6022836/edouardr/VRP/requirements-clean.txt (line 4))
Processing /cvmfs/soft.computecanada.ca/custom/python/wheelhouse/generic/ipython-8.32.0+computecanada-py3-none-any.whl (from -r /lustre03/project/6022836/edouardr/VRP/requirements-clean.txt (line 5))
Processing /cvmfs/soft.computecanada.ca/custom/python/wheelhouse/gentoo2023/x86-64-v3/matplotlib-3.10.0+computecanada-cp311-cp311-linux_x86_64.whl (from -r /lustre03/project/6022836/edouardr/VRP/requirements-clean.txt (line 6))
Requirement already satisfied: matplotlib-inline==0.1.6 in /cvmfs/soft.computecanada.ca/easybuild/software/2023/x86-64-v4/Compiler/gcccore/ipykernel/2023b/lib/python3.11/site-packages (from -r /lustre03/project/6022836/edouardr/VRP/requirements-clean.txt (line 7)) (0.1.6+computecanada)
Requirement already satisfied: numpy<2 in /cvmfs/soft.computecanada.ca/easybuild/software/2023/x86-64-v4/Compiler/gcccore/scipy-stack/2023b/lib/python3.11/site-packages (from -r /lustre03/project/6022836/edouardr/VRP/requirements-clean.txt (line 8)) (1.25.2+computecanada)
Processing /cvmfs/soft.computecanada.ca/custom/python/wheelhouse/generic/omegaconf-2.3.0+computecanada-py3-none-any.whl (from -r /lustre03/project/6022836/edouardr/VRP/requirements-clean.txt (line 9))
Requirement already satisfied: pip==25.0 in /localscratch/edouardr.55595183.0/env/lib/python3.11/site-packages (from -r /lustre03/project/6022836/edouardr/VRP/requirements-clean.txt (line 10)) (25.0+computecanada)
Processing /cvmfs/soft.computecanada.ca/custom/python/wheelhouse/gentoo2023/x86-64-v3/PyYAML-6.0.2+computecanada-cp311-cp311-linux_x86_64.whl (from -r /lustre03/project/6022836/edouardr/VRP/requirements-clean.txt (line 11))
Processing /cvmfs/soft.computecanada.ca/custom/python/wheelhouse/gentoo2023/generic/scikit_learn-1.6.1+computecanada-cp311-cp311-linux_x86_64.whl (from -r /lustre03/project/6022836/edouardr/VRP/requirements-clean.txt (line 12))
Processing /cvmfs/soft.computecanada.ca/custom/python/wheelhouse/gentoo2023/generic/scipy-1.15.1+computecanada-cp311-cp311-linux_x86_64.whl (from -r /lustre03/project/6022836/edouardr/VRP/requirements-clean.txt (line 13))
Processing /cvmfs/soft.computecanada.ca/custom/python/wheelhouse/generic/timm-0.9.16+computecanada-py3-none-any.whl (from -r /lustre03/project/6022836/edouardr/VRP/requirements-clean.txt (line 14))
Processing /cvmfs/soft.computecanada.ca/custom/python/wheelhouse/gentoo2023/x86-64-v3/torch-2.5.1+computecanada-cp311-cp311-linux_x86_64.whl (from -r /lustre03/project/6022836/edouardr/VRP/requirements-clean.txt (line 15))
Processing /cvmfs/soft.computecanada.ca/custom/python/wheelhouse/gentoo2023/x86-64-v3/torchaudio-2.5.1+computecanada-cp311-cp311-linux_x86_64.whl (from -r /lustre03/project/6022836/edouardr/VRP/requirements-clean.txt (line 16))
Processing /cvmfs/soft.computecanada.ca/custom/python/wheelhouse/gentoo2023/generic/torchvision-0.20.1+computecanada-cp311-cp311-linux_x86_64.whl (from -r /lustre03/project/6022836/edouardr/VRP/requirements-clean.txt (line 17))
Processing /cvmfs/soft.computecanada.ca/custom/python/wheelhouse/generic/tqdm-4.67.1+computecanada-py3-none-any.whl (from -r /lustre03/project/6022836/edouardr/VRP/requirements-clean.txt (line 18))
Processing /cvmfs/soft.computecanada.ca/custom/python/wheelhouse/generic/wandb-0.19.6+computecanada-py3-none-linux_x86_64.whl (from -r /lustre03/project/6022836/edouardr/VRP/requirements-clean.txt (line 19))
Processing /cvmfs/soft.computecanada.ca/custom/python/wheelhouse/generic/filelock-3.18.0+computecanada-py3-none-any.whl (from huggingface_hub==0.29.3->-r /lustre03/project/6022836/edouardr/VRP/requirements-clean.txt (line 2))
Processing /cvmfs/soft.computecanada.ca/custom/python/wheelhouse/generic/fsspec-2025.3.2+computecanada-py3-none-any.whl (from huggingface_hub==0.29.3->-r /lustre03/project/6022836/edouardr/VRP/requirements-clean.txt (line 2))
Requirement already satisfied: packaging>=20.9 in /cvmfs/soft.computecanada.ca/easybuild/software/2023/x86-64-v4/Compiler/gcccore/ipykernel/2023b/lib/python3.11/site-packages (from huggingface_hub==0.29.3->-r /lustre03/project/6022836/edouardr/VRP/requirements-clean.txt (line 2)) (23.1+computecanada)
Requirement already satisfied: requests in /cvmfs/soft.computecanada.ca/easybuild/software/2023/x86-64-v4/Compiler/gcccore/scipy-stack/2023b/lib/python3.11/site-packages (from huggingface_hub==0.29.3->-r /lustre03/project/6022836/edouardr/VRP/requirements-clean.txt (line 2)) (2.31.0+computecanada)
Requirement already satisfied: typing-extensions>=3.7.4.3 in /cvmfs/soft.computecanada.ca/easybuild/software/2023/x86-64-v4/Compiler/gcccore/scipy-stack/2023b/lib/python3.11/site-packages (from huggingface_hub==0.29.3->-r /lustre03/project/6022836/edouardr/VRP/requirements-clean.txt (line 2)) (4.7.1+computecanada)
Processing /cvmfs/soft.computecanada.ca/custom/python/wheelhouse/generic/antlr4_python3_runtime-4.9.3+computecanada-py3-none-any.whl (from hydra-core==1.3.2->-r /lustre03/project/6022836/edouardr/VRP/requirements-clean.txt (line 3))
Requirement already satisfied: comm>=0.1.1 in /cvmfs/soft.computecanada.ca/easybuild/software/2023/x86-64-v4/Compiler/gcccore/ipykernel/2023b/lib/python3.11/site-packages (from ipykernel==6.29.5->-r /lustre03/project/6022836/edouardr/VRP/requirements-clean.txt (line 4)) (0.1.4+computecanada)
Requirement already satisfied: debugpy>=1.6.5 in /cvmfs/soft.computecanada.ca/easybuild/software/2023/x86-64-v4/Compiler/gcccore/ipykernel/2023b/lib/python3.11/site-packages (from ipykernel==6.29.5->-r /lustre03/project/6022836/edouardr/VRP/requirements-clean.txt (line 4)) (1.6.7.post1+computecanada)
Requirement already satisfied: jupyter-client>=6.1.12 in /cvmfs/soft.computecanada.ca/easybuild/software/2023/x86-64-v4/Compiler/gcccore/ipykernel/2023b/lib/python3.11/site-packages (from ipykernel==6.29.5->-r /lustre03/project/6022836/edouardr/VRP/requirements-clean.txt (line 4)) (8.3.1+computecanada)
Requirement already satisfied: jupyter-core!=5.0.*,>=4.12 in /cvmfs/soft.computecanada.ca/easybuild/software/2023/x86-64-v4/Compiler/gcccore/ipykernel/2023b/lib/python3.11/site-packages (from ipykernel==6.29.5->-r /lustre03/project/6022836/edouardr/VRP/requirements-clean.txt (line 4)) (5.3.1+computecanada)
Requirement already satisfied: nest-asyncio in /cvmfs/soft.computecanada.ca/easybuild/software/2023/x86-64-v4/Compiler/gcccore/ipykernel/2023b/lib/python3.11/site-packages (from ipykernel==6.29.5->-r /lustre03/project/6022836/edouardr/VRP/requirements-clean.txt (line 4)) (1.5.7+computecanada)
Requirement already satisfied: psutil in /cvmfs/soft.computecanada.ca/easybuild/software/2023/x86-64-v4/Compiler/gcccore/ipykernel/2023b/lib/python3.11/site-packages (from ipykernel==6.29.5->-r /lustre03/project/6022836/edouardr/VRP/requirements-clean.txt (line 4)) (5.9.5+computecanada)
Requirement already satisfied: pyzmq>=24 in /cvmfs/soft.computecanada.ca/easybuild/software/2023/x86-64-v4/Compiler/gcccore/ipykernel/2023b/lib/python3.11/site-packages (from ipykernel==6.29.5->-r /lustre03/project/6022836/edouardr/VRP/requirements-clean.txt (line 4)) (25.1.1+computecanada)
Requirement already satisfied: tornado>=6.1 in /cvmfs/soft.computecanada.ca/easybuild/software/2023/x86-64-v4/Compiler/gcccore/ipykernel/2023b/lib/python3.11/site-packages (from ipykernel==6.29.5->-r /lustre03/project/6022836/edouardr/VRP/requirements-clean.txt (line 4)) (6.3.3+computecanada)
Requirement already satisfied: traitlets>=5.4.0 in /cvmfs/soft.computecanada.ca/easybuild/software/2023/x86-64-v4/Compiler/gcccore/ipykernel/2023b/lib/python3.11/site-packages (from ipykernel==6.29.5->-r /lustre03/project/6022836/edouardr/VRP/requirements-clean.txt (line 4)) (5.9.0+computecanada)
Requirement already satisfied: decorator in /cvmfs/soft.computecanada.ca/easybuild/software/2023/x86-64-v4/Compiler/gcccore/ipykernel/2023b/lib/python3.11/site-packages (from ipython==8.32.0->-r /lustre03/project/6022836/edouardr/VRP/requirements-clean.txt (line 5)) (5.1.1+computecanada)
Requirement already satisfied: jedi>=0.16 in /cvmfs/soft.computecanada.ca/easybuild/software/2023/x86-64-v4/Compiler/gcccore/ipykernel/2023b/lib/python3.11/site-packages (from ipython==8.32.0->-r /lustre03/project/6022836/edouardr/VRP/requirements-clean.txt (line 5)) (0.19.0+computecanada)
Processing /cvmfs/soft.computecanada.ca/custom/python/wheelhouse/generic/prompt_toolkit-3.0.50+computecanada-py3-none-any.whl (from ipython==8.32.0->-r /lustre03/project/6022836/edouardr/VRP/requirements-clean.txt (line 5))
Requirement already satisfied: pygments>=2.4.0 in /cvmfs/soft.computecanada.ca/easybuild/software/2023/x86-64-v4/Compiler/gcccore/ipykernel/2023b/lib/python3.11/site-packages (from ipython==8.32.0->-r /lustre03/project/6022836/edouardr/VRP/requirements-clean.txt (line 5)) (2.16.1+computecanada)
Requirement already satisfied: stack-data in /cvmfs/soft.computecanada.ca/easybuild/software/2023/x86-64-v4/Compiler/gcccore/ipykernel/2023b/lib/python3.11/site-packages (from ipython==8.32.0->-r /lustre03/project/6022836/edouardr/VRP/requirements-clean.txt (line 5)) (0.6.2+computecanada)
Processing /cvmfs/soft.computecanada.ca/custom/python/wheelhouse/generic/traitlets-5.14.3+computecanada-py3-none-any.whl (from ipykernel==6.29.5->-r /lustre03/project/6022836/edouardr/VRP/requirements-clean.txt (line 4))
Requirement already satisfied: pexpect>4.3 in /cvmfs/soft.computecanada.ca/easybuild/software/2023/x86-64-v4/Compiler/gcccore/ipykernel/2023b/lib/python3.11/site-packages (from ipython==8.32.0->-r /lustre03/project/6022836/edouardr/VRP/requirements-clean.txt (line 5)) (4.8.0+computecanada)
Requirement already satisfied: contourpy>=1.0.1 in /cvmfs/soft.computecanada.ca/easybuild/software/2023/x86-64-v4/Compiler/gcccore/scipy-stack/2023b/lib/python3.11/site-packages (from matplotlib==3.10.0->-r /lustre03/project/6022836/edouardr/VRP/requirements-clean.txt (line 6)) (1.1.0+computecanada)
Requirement already satisfied: cycler>=0.10 in /cvmfs/soft.computecanada.ca/easybuild/software/2023/x86-64-v4/Compiler/gcccore/scipy-stack/2023b/lib/python3.11/site-packages (from matplotlib==3.10.0->-r /lustre03/project/6022836/edouardr/VRP/requirements-clean.txt (line 6)) (0.11.0+computecanada)
Requirement already satisfied: fonttools>=4.22.0 in /cvmfs/soft.computecanada.ca/easybuild/software/2023/x86-64-v4/Compiler/gcccore/scipy-stack/2023b/lib/python3.11/site-packages (from matplotlib==3.10.0->-r /lustre03/project/6022836/edouardr/VRP/requirements-clean.txt (line 6)) (4.42.1+computecanada)
Requirement already satisfied: kiwisolver>=1.3.1 in /cvmfs/soft.computecanada.ca/easybuild/software/2023/x86-64-v4/Compiler/gcccore/scipy-stack/2023b/lib/python3.11/site-packages (from matplotlib==3.10.0->-r /lustre03/project/6022836/edouardr/VRP/requirements-clean.txt (line 6)) (1.4.5+computecanada)
Requirement already satisfied: pillow>=8 in /cvmfs/soft.computecanada.ca/easybuild/software/2023/x86-64-v4/Compiler/gcccore/scipy-stack/2023b/lib/python3.11/site-packages (from matplotlib==3.10.0->-r /lustre03/project/6022836/edouardr/VRP/requirements-clean.txt (line 6)) (10.0.0+computecanada)
Requirement already satisfied: pyparsing>=2.3.1 in /cvmfs/soft.computecanada.ca/easybuild/software/2023/x86-64-v4/Compiler/gcccore/scipy-stack/2023b/lib/python3.11/site-packages (from matplotlib==3.10.0->-r /lustre03/project/6022836/edouardr/VRP/requirements-clean.txt (line 6)) (3.0.9+computecanada)
Requirement already satisfied: python-dateutil>=2.7 in /cvmfs/soft.computecanada.ca/easybuild/software/2023/x86-64-v4/Compiler/gcccore/ipykernel/2023b/lib/python3.11/site-packages (from matplotlib==3.10.0->-r /lustre03/project/6022836/edouardr/VRP/requirements-clean.txt (line 6)) (2.8.2+computecanada)
Processing /cvmfs/soft.computecanada.ca/custom/python/wheelhouse/generic/joblib-1.4.2+computecanada-py3-none-any.whl (from scikit-learn==1.6.1->-r /lustre03/project/6022836/edouardr/VRP/requirements-clean.txt (line 12))
Processing /cvmfs/soft.computecanada.ca/custom/python/wheelhouse/generic/threadpoolctl-3.6.0+computecanada-py3-none-any.whl (from scikit-learn==1.6.1->-r /lustre03/project/6022836/edouardr/VRP/requirements-clean.txt (line 12))
Processing /cvmfs/soft.computecanada.ca/custom/python/wheelhouse/gentoo2023/generic/safetensors-0.4.5+computecanada-cp311-cp311-linux_x86_64.whl (from timm==0.9.16->-r /lustre03/project/6022836/edouardr/VRP/requirements-clean.txt (line 14))
Processing /cvmfs/soft.computecanada.ca/custom/python/wheelhouse/generic/typing_extensions-4.13.2+computecanada-py3-none-any.whl (from huggingface_hub==0.29.3->-r /lustre03/project/6022836/edouardr/VRP/requirements-clean.txt (line 2))
Processing /cvmfs/soft.computecanada.ca/custom/python/wheelhouse/generic/networkx-3.4.2+computecanada-py3-none-any.whl (from torch==2.5.1->-r /lustre03/project/6022836/edouardr/VRP/requirements-clean.txt (line 15))
Requirement already satisfied: jinja2 in /cvmfs/soft.computecanada.ca/easybuild/software/2023/x86-64-v4/Compiler/gcccore/scipy-stack/2023b/lib/python3.11/site-packages (from torch==2.5.1->-r /lustre03/project/6022836/edouardr/VRP/requirements-clean.txt (line 15)) (3.1.2+computecanada)
Processing /cvmfs/soft.computecanada.ca/custom/python/wheelhouse/generic/sympy-1.13.1+computecanada-py3-none-any.whl (from torch==2.5.1->-r /lustre03/project/6022836/edouardr/VRP/requirements-clean.txt (line 15))
Processing /cvmfs/soft.computecanada.ca/custom/python/wheelhouse/gentoo2023/x86-64-v3/Pillow_SIMD-9.5.0.post2+computecanada-cp311-cp311-linux_x86_64.whl (from torchvision==0.20.1->-r /lustre03/project/6022836/edouardr/VRP/requirements-clean.txt (line 17))
Processing /cvmfs/soft.computecanada.ca/custom/python/wheelhouse/generic/click-8.1.8+computecanada-py3-none-any.whl (from wandb==0.19.6->-r /lustre03/project/6022836/edouardr/VRP/requirements-clean.txt (line 19))
Processing /cvmfs/soft.computecanada.ca/custom/python/wheelhouse/generic/docker_pycreds-0.4.0+computecanada-py2.py3-none-any.whl (from wandb==0.19.6->-r /lustre03/project/6022836/edouardr/VRP/requirements-clean.txt (line 19))
Processing /cvmfs/soft.computecanada.ca/custom/python/wheelhouse/generic/GitPython-3.1.44+computecanada-py3-none-any.whl (from wandb==0.19.6->-r /lustre03/project/6022836/edouardr/VRP/requirements-clean.txt (line 19))
Requirement already satisfied: platformdirs in /cvmfs/soft.computecanada.ca/easybuild/software/2023/x86-64-v4/Compiler/gcccore/ipykernel/2023b/lib/python3.11/site-packages (from wandb==0.19.6->-r /lustre03/project/6022836/edouardr/VRP/requirements-clean.txt (line 19)) (3.9.1+computecanada)
Processing /cvmfs/soft.computecanada.ca/custom/python/wheelhouse/gentoo2023/x86-64-v3/protobuf-5.29.3+computecanada-cp311-cp311-linux_x86_64.whl (from wandb==0.19.6->-r /lustre03/project/6022836/edouardr/VRP/requirements-clean.txt (line 19))
Processing /cvmfs/soft.computecanada.ca/custom/python/wheelhouse/generic/pydantic-2.11.3+computecanada-py3-none-any.whl (from wandb==0.19.6->-r /lustre03/project/6022836/edouardr/VRP/requirements-clean.txt (line 19))
Processing /cvmfs/soft.computecanada.ca/custom/python/wheelhouse/generic/sentry_sdk-2.20.0+computecanada-py2.py3-none-any.whl (from wandb==0.19.6->-r /lustre03/project/6022836/edouardr/VRP/requirements-clean.txt (line 19))
Processing /cvmfs/soft.computecanada.ca/custom/python/wheelhouse/generic/setproctitle-1.3.4+computecanada-cp311-cp311-linux_x86_64.whl (from wandb==0.19.6->-r /lustre03/project/6022836/edouardr/VRP/requirements-clean.txt (line 19))
Requirement already satisfied: setuptools in /localscratch/edouardr.55595183.0/env/lib/python3.11/site-packages (from wandb==0.19.6->-r /lustre03/project/6022836/edouardr/VRP/requirements-clean.txt (line 19)) (68.0.0)
Requirement already satisfied: mpmath<1.4,>=1.1.0 in /cvmfs/soft.computecanada.ca/easybuild/software/2023/x86-64-v4/Compiler/gcccore/scipy-stack/2023b/lib/python3.11/site-packages (from sympy==1.13.1->torch==2.5.1->-r /lustre03/project/6022836/edouardr/VRP/requirements-clean.txt (line 15)) (1.3.0+computecanada)
Requirement already satisfied: six>=1.4.0 in /cvmfs/soft.computecanada.ca/easybuild/software/2023/x86-64-v4/Compiler/gcccore/ipykernel/2023b/lib/python3.11/site-packages (from docker-pycreds>=0.4.0->wandb==0.19.6->-r /lustre03/project/6022836/edouardr/VRP/requirements-clean.txt (line 19)) (1.16.0+computecanada)
Processing /cvmfs/soft.computecanada.ca/custom/python/wheelhouse/generic/gitdb-4.0.12+computecanada-py3-none-any.whl (from gitpython!=3.1.29,>=1.0.0->wandb==0.19.6->-r /lustre03/project/6022836/edouardr/VRP/requirements-clean.txt (line 19))
Requirement already satisfied: parso<0.9.0,>=0.8.3 in /cvmfs/soft.computecanada.ca/easybuild/software/2023/x86-64-v4/Compiler/gcccore/ipykernel/2023b/lib/python3.11/site-packages (from jedi>=0.16->ipython==8.32.0->-r /lustre03/project/6022836/edouardr/VRP/requirements-clean.txt (line 5)) (0.8.3+computecanada)
Requirement already satisfied: ptyprocess>=0.5 in /cvmfs/soft.computecanada.ca/easybuild/software/2023/x86-64-v4/Compiler/gcccore/ipykernel/2023b/lib/python3.11/site-packages (from pexpect>4.3->ipython==8.32.0->-r /lustre03/project/6022836/edouardr/VRP/requirements-clean.txt (line 5)) (0.7.0+computecanada)
Requirement already satisfied: wcwidth in /cvmfs/soft.computecanada.ca/easybuild/software/2023/x86-64-v4/Compiler/gcccore/ipykernel/2023b/lib/python3.11/site-packages (from prompt-toolkit<3.1.0,>=3.0.41->ipython==8.32.0->-r /lustre03/project/6022836/edouardr/VRP/requirements-clean.txt (line 5)) (0.2.6+computecanada)
Processing /cvmfs/soft.computecanada.ca/custom/python/wheelhouse/generic/annotated_types-0.7.0+computecanada-py3-none-any.whl (from pydantic<3,>=2.6->wandb==0.19.6->-r /lustre03/project/6022836/edouardr/VRP/requirements-clean.txt (line 19))
Processing /cvmfs/soft.computecanada.ca/custom/python/wheelhouse/gentoo2023/generic/pydantic_core-2.33.1+computecanada-cp311-cp311-linux_x86_64.whl (from pydantic<3,>=2.6->wandb==0.19.6->-r /lustre03/project/6022836/edouardr/VRP/requirements-clean.txt (line 19))
Processing /cvmfs/soft.computecanada.ca/custom/python/wheelhouse/generic/typing_inspection-0.4.0+computecanada-py3-none-any.whl (from pydantic<3,>=2.6->wandb==0.19.6->-r /lustre03/project/6022836/edouardr/VRP/requirements-clean.txt (line 19))
Requirement already satisfied: charset-normalizer<4,>=2 in /cvmfs/soft.computecanada.ca/easybuild/software/2023/x86-64-v4/Compiler/gcccore/scipy-stack/2023b/lib/python3.11/site-packages (from requests->huggingface_hub==0.29.3->-r /lustre03/project/6022836/edouardr/VRP/requirements-clean.txt (line 2)) (3.2.0+computecanada)
Requirement already satisfied: idna<4,>=2.5 in /cvmfs/soft.computecanada.ca/easybuild/software/2023/x86-64-v4/Compiler/gcccore/scipy-stack/2023b/lib/python3.11/site-packages (from requests->huggingface_hub==0.29.3->-r /lustre03/project/6022836/edouardr/VRP/requirements-clean.txt (line 2)) (3.4+computecanada)
Requirement already satisfied: urllib3<3,>=1.21.1 in /cvmfs/soft.computecanada.ca/easybuild/software/2023/x86-64-v4/Compiler/gcccore/scipy-stack/2023b/lib/python3.11/site-packages (from requests->huggingface_hub==0.29.3->-r /lustre03/project/6022836/edouardr/VRP/requirements-clean.txt (line 2)) (2.0.4+computecanada)
Requirement already satisfied: certifi>=2017.4.17 in /cvmfs/soft.computecanada.ca/easybuild/software/2023/x86-64-v4/Compiler/gcccore/scipy-stack/2023b/lib/python3.11/site-packages (from requests->huggingface_hub==0.29.3->-r /lustre03/project/6022836/edouardr/VRP/requirements-clean.txt (line 2)) (2023.7.22+computecanada)
Requirement already satisfied: MarkupSafe>=2.0 in /cvmfs/soft.computecanada.ca/easybuild/software/2023/x86-64-v4/Compiler/gcccore/scipy-stack/2023b/lib/python3.11/site-packages (from jinja2->torch==2.5.1->-r /lustre03/project/6022836/edouardr/VRP/requirements-clean.txt (line 15)) (2.1.3+computecanada)
Requirement already satisfied: executing>=1.2.0 in /cvmfs/soft.computecanada.ca/easybuild/software/2023/x86-64-v4/Compiler/gcccore/ipykernel/2023b/lib/python3.11/site-packages (from stack-data->ipython==8.32.0->-r /lustre03/project/6022836/edouardr/VRP/requirements-clean.txt (line 5)) (1.2.0+computecanada)
Requirement already satisfied: asttokens>=2.1.0 in /cvmfs/soft.computecanada.ca/easybuild/software/2023/x86-64-v4/Compiler/gcccore/ipykernel/2023b/lib/python3.11/site-packages (from stack-data->ipython==8.32.0->-r /lustre03/project/6022836/edouardr/VRP/requirements-clean.txt (line 5)) (2.2.1+computecanada)
Requirement already satisfied: pure-eval in /cvmfs/soft.computecanada.ca/easybuild/software/2023/x86-64-v4/Compiler/gcccore/ipykernel/2023b/lib/python3.11/site-packages (from stack-data->ipython==8.32.0->-r /lustre03/project/6022836/edouardr/VRP/requirements-clean.txt (line 5)) (0.2.2+computecanada)
Processing /cvmfs/soft.computecanada.ca/custom/python/wheelhouse/generic/smmap-5.0.2+computecanada-py3-none-any.whl (from gitdb<5,>=4.0.1->gitpython!=3.1.29,>=1.0.0->wandb==0.19.6->-r /lustre03/project/6022836/edouardr/VRP/requirements-clean.txt (line 19))
Installing collected packages: antlr4-python3-runtime, typing-extensions, traitlets, tqdm, threadpoolctl, sympy, smmap, setproctitle, sentry-sdk, scipy, safetensors, PyYAML, protobuf, prompt-toolkit, pillow-simd, networkx, joblib, fsspec, filelock, einops, docker-pycreds, click, annotated-types, typing-inspection, torch, scikit-learn, pydantic-core, omegaconf, matplotlib, huggingface_hub, gitdb, torchvision, torchaudio, pydantic, ipython, hydra-core, gitpython, wandb, timm, ipykernel
  Attempting uninstall: typing-extensions
    Found existing installation: typing_extensions 4.7.1+computecanada
    Not uninstalling typing-extensions at /cvmfs/soft.computecanada.ca/easybuild/software/2023/x86-64-v4/Compiler/gcccore/scipy-stack/2023b/lib/python3.11/site-packages, outside environment /localscratch/edouardr.55595183.0/env
    Can't uninstall 'typing_extensions'. No files were found to uninstall.
  Attempting uninstall: traitlets
    Found existing installation: traitlets 5.9.0+computecanada
    Not uninstalling traitlets at /cvmfs/soft.computecanada.ca/easybuild/software/2023/x86-64-v4/Compiler/gcccore/ipykernel/2023b/lib/python3.11/site-packages, outside environment /localscratch/edouardr.55595183.0/env
    Can't uninstall 'traitlets'. No files were found to uninstall.
  Attempting uninstall: sympy
    Found existing installation: sympy 1.12+computecanada
    Not uninstalling sympy at /cvmfs/soft.computecanada.ca/easybuild/software/2023/x86-64-v4/Compiler/gcccore/scipy-stack/2023b/lib/python3.11/site-packages, outside environment /localscratch/edouardr.55595183.0/env
    Can't uninstall 'sympy'. No files were found to uninstall.
  Attempting uninstall: scipy
    Found existing installation: scipy 1.11.2+computecanada
    Not uninstalling scipy at /cvmfs/soft.computecanada.ca/easybuild/software/2023/x86-64-v4/Compiler/gcccore/scipy-stack/2023b/lib/python3.11/site-packages, outside environment /localscratch/edouardr.55595183.0/env
    Can't uninstall 'scipy'. No files were found to uninstall.
  Attempting uninstall: PyYAML
    Found existing installation: PyYAML 6.0.1+computecanada
    Not uninstalling pyyaml at /cvmfs/soft.computecanada.ca/easybuild/software/2023/x86-64-v4/Compiler/gcccore/scipy-stack/2023b/lib/python3.11/site-packages, outside environment /localscratch/edouardr.55595183.0/env
    Can't uninstall 'PyYAML'. No files were found to uninstall.
  Attempting uninstall: prompt-toolkit
    Found existing installation: prompt_toolkit 3.0.39+computecanada
    Not uninstalling prompt-toolkit at /cvmfs/soft.computecanada.ca/easybuild/software/2023/x86-64-v4/Compiler/gcccore/ipykernel/2023b/lib/python3.11/site-packages, outside environment /localscratch/edouardr.55595183.0/env
    Can't uninstall 'prompt_toolkit'. No files were found to uninstall.
  Attempting uninstall: matplotlib
    Found existing installation: matplotlib 3.7.2+computecanada
    Not uninstalling matplotlib at /cvmfs/soft.computecanada.ca/easybuild/software/2023/x86-64-v4/Compiler/gcccore/scipy-stack/2023b/lib/python3.11/site-packages, outside environment /localscratch/edouardr.55595183.0/env
    Can't uninstall 'matplotlib'. No files were found to uninstall.
  Attempting uninstall: ipython
    Found existing installation: ipython 8.15.0+computecanada
    Not uninstalling ipython at /cvmfs/soft.computecanada.ca/easybuild/software/2023/x86-64-v4/Compiler/gcccore/ipykernel/2023b/lib/python3.11/site-packages, outside environment /localscratch/edouardr.55595183.0/env
    Can't uninstall 'ipython'. No files were found to uninstall.
  Attempting uninstall: ipykernel
    Found existing installation: ipykernel 6.25.1+computecanada
    Not uninstalling ipykernel at /cvmfs/soft.computecanada.ca/easybuild/software/2023/x86-64-v4/Compiler/gcccore/ipykernel/2023b/lib/python3.11/site-packages, outside environment /localscratch/edouardr.55595183.0/env
    Can't uninstall 'ipykernel'. No files were found to uninstall.
Successfully installed PyYAML-6.0.2+computecanada annotated-types-0.7.0+computecanada antlr4-python3-runtime-4.9.3+computecanada click-8.1.8+computecanada docker-pycreds-0.4.0+computecanada einops-0.8.1+computecanada filelock-3.18.0+computecanada fsspec-2025.3.2+computecanada gitdb-4.0.12+computecanada gitpython-3.1.44+computecanada huggingface_hub-0.29.3+computecanada hydra-core-1.3.2+computecanada ipykernel-6.29.5+computecanada ipython-8.32.0+computecanada joblib-1.4.2+computecanada matplotlib-3.10.0+computecanada networkx-3.4.2+computecanada omegaconf-2.3.0+computecanada pillow-simd-9.5.0.post2+computecanada prompt-toolkit-3.0.50+computecanada protobuf-5.29.3+computecanada pydantic-2.11.3+computecanada pydantic-core-2.33.1+computecanada safetensors-0.4.5+computecanada scikit-learn-1.6.1+computecanada scipy-1.15.1+computecanada sentry-sdk-2.20.0+computecanada setproctitle-1.3.4+computecanada smmap-5.0.2+computecanada sympy-1.13.1+computecanada threadpoolctl-3.6.0+computecanada timm-0.9.16+computecanada torch-2.5.1+computecanada torchaudio-2.5.1+computecanada torchvision-0.20.1+computecanada tqdm-4.67.1+computecanada traitlets-5.14.3+computecanada typing-extensions-4.13.2+computecanada typing-inspection-0.4.0+computecanada wandb-0.19.6+computecanada
W&B offline. Running your script from this directory will only write metadata locally. Use wandb disabled to completely turn off W&B.
[Task 2] Overrides: model=resnet model.params.epochs=20,50,100 model.params.batch_size=8,16,32,64 model.kernel_size=3,5,7,15
[2025-04-29 21:30:14,816][HYDRA] Launching 48 jobs locally
[2025-04-29 21:30:14,816][HYDRA] 	#0 : model=resnet model.params.epochs=20 model.params.batch_size=8 model.kernel_size=3
Downloading: "https://download.pytorch.org/models/resnet18-f37072fd.pth" to /home/edouardr/.cache/torch/hub/checkpoints/resnet18-f37072fd.pth
[Train] device=cuda:0, CUDA=True
[2025-04-29 21:30:15,337][HYDRA] 	#1 : model=resnet model.params.epochs=20 model.params.batch_size=8 model.kernel_size=5
Downloading: "https://download.pytorch.org/models/resnet18-f37072fd.pth" to /home/edouardr/.cache/torch/hub/checkpoints/resnet18-f37072fd.pth
[Train] device=cuda:0, CUDA=True
[2025-04-29 21:30:17,831][HYDRA] 	#2 : model=resnet model.params.epochs=20 model.params.batch_size=8 model.kernel_size=7
Downloading: "https://download.pytorch.org/models/resnet18-f37072fd.pth" to /home/edouardr/.cache/torch/hub/checkpoints/resnet18-f37072fd.pth
[Train] device=cuda:0, CUDA=True
[2025-04-29 21:30:21,351][HYDRA] 	#3 : model=resnet model.params.epochs=20 model.params.batch_size=8 model.kernel_size=15
Downloading: "https://download.pytorch.org/models/resnet18-f37072fd.pth" to /home/edouardr/.cache/torch/hub/checkpoints/resnet18-f37072fd.pth
[Train] device=cuda:0, CUDA=True
[2025-04-29 21:30:25,895][HYDRA] 	#4 : model=resnet model.params.epochs=20 model.params.batch_size=16 model.kernel_size=3
Downloading: "https://download.pytorch.org/models/resnet18-f37072fd.pth" to /home/edouardr/.cache/torch/hub/checkpoints/resnet18-f37072fd.pth
[Train] device=cuda:0, CUDA=True
[2025-04-29 21:30:29,480][HYDRA] 	#5 : model=resnet model.params.epochs=20 model.params.batch_size=16 model.kernel_size=5
Downloading: "https://download.pytorch.org/models/resnet18-f37072fd.pth" to /home/edouardr/.cache/torch/hub/checkpoints/resnet18-f37072fd.pth
[Train] device=cuda:0, CUDA=True
[2025-04-29 21:30:34,022][HYDRA] 	#6 : model=resnet model.params.epochs=20 model.params.batch_size=16 model.kernel_size=7
Downloading: "https://download.pytorch.org/models/resnet18-f37072fd.pth" to /home/edouardr/.cache/torch/hub/checkpoints/resnet18-f37072fd.pth
[Train] device=cuda:0, CUDA=True
[2025-04-29 21:30:37,607][HYDRA] 	#7 : model=resnet model.params.epochs=20 model.params.batch_size=16 model.kernel_size=15
Downloading: "https://download.pytorch.org/models/resnet18-f37072fd.pth" to /home/edouardr/.cache/torch/hub/checkpoints/resnet18-f37072fd.pth
[Train] device=cuda:0, CUDA=True
[2025-04-29 21:30:42,215][HYDRA] 	#8 : model=resnet model.params.epochs=20 model.params.batch_size=32 model.kernel_size=3
Downloading: "https://download.pytorch.org/models/resnet18-f37072fd.pth" to /home/edouardr/.cache/torch/hub/checkpoints/resnet18-f37072fd.pth
[Train] device=cuda:0, CUDA=True
[2025-04-29 21:30:45,799][HYDRA] 	#9 : model=resnet model.params.epochs=20 model.params.batch_size=32 model.kernel_size=5
Downloading: "https://download.pytorch.org/models/resnet18-f37072fd.pth" to /home/edouardr/.cache/torch/hub/checkpoints/resnet18-f37072fd.pth
[Train] device=cuda:0, CUDA=True
[2025-04-29 21:30:49,575][HYDRA] 	#10 : model=resnet model.params.epochs=20 model.params.batch_size=32 model.kernel_size=7
Downloading: "https://download.pytorch.org/models/resnet18-f37072fd.pth" to /home/edouardr/.cache/torch/hub/checkpoints/resnet18-f37072fd.pth
[Train] device=cuda:0, CUDA=True
[2025-04-29 21:30:54,184][HYDRA] 	#11 : model=resnet model.params.epochs=20 model.params.batch_size=32 model.kernel_size=15
Downloading: "https://download.pytorch.org/models/resnet18-f37072fd.pth" to /home/edouardr/.cache/torch/hub/checkpoints/resnet18-f37072fd.pth
[Train] device=cuda:0, CUDA=True
[2025-04-29 21:30:57,703][HYDRA] 	#12 : model=resnet model.params.epochs=20 model.params.batch_size=64 model.kernel_size=3
Downloading: "https://download.pytorch.org/models/resnet18-f37072fd.pth" to /home/edouardr/.cache/torch/hub/checkpoints/resnet18-f37072fd.pth
[Train] device=cuda:0, CUDA=True
[2025-04-29 21:31:02,312][HYDRA] 	#13 : model=resnet model.params.epochs=20 model.params.batch_size=64 model.kernel_size=5
Downloading: "https://download.pytorch.org/models/resnet18-f37072fd.pth" to /home/edouardr/.cache/torch/hub/checkpoints/resnet18-f37072fd.pth
[Train] device=cuda:0, CUDA=True
[2025-04-29 21:31:05,831][HYDRA] 	#14 : model=resnet model.params.epochs=20 model.params.batch_size=64 model.kernel_size=7
Downloading: "https://download.pytorch.org/models/resnet18-f37072fd.pth" to /home/edouardr/.cache/torch/hub/checkpoints/resnet18-f37072fd.pth
[Train] device=cuda:0, CUDA=True
[2025-04-29 21:31:09,351][HYDRA] 	#15 : model=resnet model.params.epochs=20 model.params.batch_size=64 model.kernel_size=15
Downloading: "https://download.pytorch.org/models/resnet18-f37072fd.pth" to /home/edouardr/.cache/torch/hub/checkpoints/resnet18-f37072fd.pth
[Train] device=cuda:0, CUDA=True
[2025-04-29 21:31:14,215][HYDRA] 	#16 : model=resnet model.params.epochs=50 model.params.batch_size=8 model.kernel_size=3
Downloading: "https://download.pytorch.org/models/resnet18-f37072fd.pth" to /home/edouardr/.cache/torch/hub/checkpoints/resnet18-f37072fd.pth
[Train] device=cuda:0, CUDA=True
[2025-04-29 21:31:17,735][HYDRA] 	#17 : model=resnet model.params.epochs=50 model.params.batch_size=8 model.kernel_size=5
Downloading: "https://download.pytorch.org/models/resnet18-f37072fd.pth" to /home/edouardr/.cache/torch/hub/checkpoints/resnet18-f37072fd.pth
[Train] device=cuda:0, CUDA=True
[2025-04-29 21:31:21,512][HYDRA] 	#18 : model=resnet model.params.epochs=50 model.params.batch_size=8 model.kernel_size=7
Downloading: "https://download.pytorch.org/models/resnet18-f37072fd.pth" to /home/edouardr/.cache/torch/hub/checkpoints/resnet18-f37072fd.pth
[Train] device=cuda:0, CUDA=True
[2025-04-29 21:31:26,183][HYDRA] 	#19 : model=resnet model.params.epochs=50 model.params.batch_size=8 model.kernel_size=15
Downloading: "https://download.pytorch.org/models/resnet18-f37072fd.pth" to /home/edouardr/.cache/torch/hub/checkpoints/resnet18-f37072fd.pth
[Train] device=cuda:0, CUDA=True
[2025-04-29 21:31:29,832][HYDRA] 	#20 : model=resnet model.params.epochs=50 model.params.batch_size=16 model.kernel_size=3
Downloading: "https://download.pytorch.org/models/resnet18-f37072fd.pth" to /home/edouardr/.cache/torch/hub/checkpoints/resnet18-f37072fd.pth
[Train] device=cuda:0, CUDA=True
[2025-04-29 21:31:33,607][HYDRA] 	#21 : model=resnet model.params.epochs=50 model.params.batch_size=16 model.kernel_size=5
Downloading: "https://download.pytorch.org/models/resnet18-f37072fd.pth" to /home/edouardr/.cache/torch/hub/checkpoints/resnet18-f37072fd.pth
[Train] device=cuda:0, CUDA=True
[2025-04-29 21:31:38,216][HYDRA] 	#22 : model=resnet model.params.epochs=50 model.params.batch_size=16 model.kernel_size=7
Downloading: "https://download.pytorch.org/models/resnet18-f37072fd.pth" to /home/edouardr/.cache/torch/hub/checkpoints/resnet18-f37072fd.pth
[Train] device=cuda:0, CUDA=True
[2025-04-29 21:31:41,800][HYDRA] 	#23 : model=resnet model.params.epochs=50 model.params.batch_size=16 model.kernel_size=15
Downloading: "https://download.pytorch.org/models/resnet18-f37072fd.pth" to /home/edouardr/.cache/torch/hub/checkpoints/resnet18-f37072fd.pth
[Train] device=cuda:0, CUDA=True
[2025-04-29 21:31:46,344][HYDRA] 	#24 : model=resnet model.params.epochs=50 model.params.batch_size=32 model.kernel_size=3
Downloading: "https://download.pytorch.org/models/resnet18-f37072fd.pth" to /home/edouardr/.cache/torch/hub/checkpoints/resnet18-f37072fd.pth
[Train] device=cuda:0, CUDA=True
[2025-04-29 21:31:49,926][HYDRA] 	#25 : model=resnet model.params.epochs=50 model.params.batch_size=32 model.kernel_size=5
Downloading: "https://download.pytorch.org/models/resnet18-f37072fd.pth" to /home/edouardr/.cache/torch/hub/checkpoints/resnet18-f37072fd.pth
[Train] device=cuda:0, CUDA=True
[2025-04-29 21:31:53,447][HYDRA] 	#26 : model=resnet model.params.epochs=50 model.params.batch_size=32 model.kernel_size=7
Downloading: "https://download.pytorch.org/models/resnet18-f37072fd.pth" to /home/edouardr/.cache/torch/hub/checkpoints/resnet18-f37072fd.pth
[Train] device=cuda:0, CUDA=True
[2025-04-29 21:31:57,991][HYDRA] 	#27 : model=resnet model.params.epochs=50 model.params.batch_size=32 model.kernel_size=15
Downloading: "https://download.pytorch.org/models/resnet18-f37072fd.pth" to /home/edouardr/.cache/torch/hub/checkpoints/resnet18-f37072fd.pth
[Train] device=cuda:0, CUDA=True
[2025-04-29 21:32:01,639][HYDRA] 	#28 : model=resnet model.params.epochs=50 model.params.batch_size=64 model.kernel_size=3
Downloading: "https://download.pytorch.org/models/resnet18-f37072fd.pth" to /home/edouardr/.cache/torch/hub/checkpoints/resnet18-f37072fd.pth
[Train] device=cuda:0, CUDA=True
[2025-04-29 21:32:06,183][HYDRA] 	#29 : model=resnet model.params.epochs=50 model.params.batch_size=64 model.kernel_size=5
Downloading: "https://download.pytorch.org/models/resnet18-f37072fd.pth" to /home/edouardr/.cache/torch/hub/checkpoints/resnet18-f37072fd.pth
[Train] device=cuda:0, CUDA=True
[2025-04-29 21:32:09,766][HYDRA] 	#30 : model=resnet model.params.epochs=50 model.params.batch_size=64 model.kernel_size=7
Downloading: "https://download.pytorch.org/models/resnet18-f37072fd.pth" to /home/edouardr/.cache/torch/hub/checkpoints/resnet18-f37072fd.pth
[Train] device=cuda:0, CUDA=True
[2025-04-29 21:32:14,247][HYDRA] 	#31 : model=resnet model.params.epochs=50 model.params.batch_size=64 model.kernel_size=15
Downloading: "https://download.pytorch.org/models/resnet18-f37072fd.pth" to /home/edouardr/.cache/torch/hub/checkpoints/resnet18-f37072fd.pth
[Train] device=cuda:0, CUDA=True
[2025-04-29 21:32:17,832][HYDRA] 	#32 : model=resnet model.params.epochs=100 model.params.batch_size=8 model.kernel_size=3
Downloading: "https://download.pytorch.org/models/resnet18-f37072fd.pth" to /home/edouardr/.cache/torch/hub/checkpoints/resnet18-f37072fd.pth
[Train] device=cuda:0, CUDA=True
[2025-04-29 21:32:21,351][HYDRA] 	#33 : model=resnet model.params.epochs=100 model.params.batch_size=8 model.kernel_size=5
Downloading: "https://download.pytorch.org/models/resnet18-f37072fd.pth" to /home/edouardr/.cache/torch/hub/checkpoints/resnet18-f37072fd.pth
[Train] device=cuda:0, CUDA=True
[2025-04-29 21:32:26,087][HYDRA] 	#34 : model=resnet model.params.epochs=100 model.params.batch_size=8 model.kernel_size=7
Downloading: "https://download.pytorch.org/models/resnet18-f37072fd.pth" to /home/edouardr/.cache/torch/hub/checkpoints/resnet18-f37072fd.pth
[Train] device=cuda:0, CUDA=True
[2025-04-29 21:32:29,607][HYDRA] 	#35 : model=resnet model.params.epochs=100 model.params.batch_size=8 model.kernel_size=15
Downloading: "https://download.pytorch.org/models/resnet18-f37072fd.pth" to /home/edouardr/.cache/torch/hub/checkpoints/resnet18-f37072fd.pth
[Train] device=cuda:0, CUDA=True
[2025-04-29 21:32:33,447][HYDRA] 	#36 : model=resnet model.params.epochs=100 model.params.batch_size=16 model.kernel_size=3
Downloading: "https://download.pytorch.org/models/resnet18-f37072fd.pth" to /home/edouardr/.cache/torch/hub/checkpoints/resnet18-f37072fd.pth
[Train] device=cuda:0, CUDA=True
[2025-04-29 21:32:38,055][HYDRA] 	#37 : model=resnet model.params.epochs=100 model.params.batch_size=16 model.kernel_size=5
Downloading: "https://download.pytorch.org/models/resnet18-f37072fd.pth" to /home/edouardr/.cache/torch/hub/checkpoints/resnet18-f37072fd.pth
[Train] device=cuda:0, CUDA=True
[2025-04-29 21:32:41,575][HYDRA] 	#38 : model=resnet model.params.epochs=100 model.params.batch_size=16 model.kernel_size=7
Downloading: "https://download.pytorch.org/models/resnet18-f37072fd.pth" to /home/edouardr/.cache/torch/hub/checkpoints/resnet18-f37072fd.pth
[Train] device=cuda:0, CUDA=True
[2025-04-29 21:32:46,184][HYDRA] 	#39 : model=resnet model.params.epochs=100 model.params.batch_size=16 model.kernel_size=15
Downloading: "https://download.pytorch.org/models/resnet18-f37072fd.pth" to /home/edouardr/.cache/torch/hub/checkpoints/resnet18-f37072fd.pth
[Train] device=cuda:0, CUDA=True
[2025-04-29 21:32:49,766][HYDRA] 	#40 : model=resnet model.params.epochs=100 model.params.batch_size=32 model.kernel_size=3
Downloading: "https://download.pytorch.org/models/resnet18-f37072fd.pth" to /home/edouardr/.cache/torch/hub/checkpoints/resnet18-f37072fd.pth
[Train] device=cuda:0, CUDA=True
[2025-04-29 21:32:53,352][HYDRA] 	#41 : model=resnet model.params.epochs=100 model.params.batch_size=32 model.kernel_size=5
Downloading: "https://download.pytorch.org/models/resnet18-f37072fd.pth" to /home/edouardr/.cache/torch/hub/checkpoints/resnet18-f37072fd.pth
[Train] device=cuda:0, CUDA=True
[2025-04-29 21:32:57,959][HYDRA] 	#42 : model=resnet model.params.epochs=100 model.params.batch_size=32 model.kernel_size=7
Downloading: "https://download.pytorch.org/models/resnet18-f37072fd.pth" to /home/edouardr/.cache/torch/hub/checkpoints/resnet18-f37072fd.pth
[Train] device=cuda:0, CUDA=True
[2025-04-29 21:33:01,478][HYDRA] 	#43 : model=resnet model.params.epochs=100 model.params.batch_size=32 model.kernel_size=15
Downloading: "https://download.pytorch.org/models/resnet18-f37072fd.pth" to /home/edouardr/.cache/torch/hub/checkpoints/resnet18-f37072fd.pth
[Train] device=cuda:0, CUDA=True
[2025-04-29 21:33:06,023][HYDRA] 	#44 : model=resnet model.params.epochs=100 model.params.batch_size=64 model.kernel_size=3
Downloading: "https://download.pytorch.org/models/resnet18-f37072fd.pth" to /home/edouardr/.cache/torch/hub/checkpoints/resnet18-f37072fd.pth
[Train] device=cuda:0, CUDA=True
[2025-04-29 21:33:09,607][HYDRA] 	#45 : model=resnet model.params.epochs=100 model.params.batch_size=64 model.kernel_size=5
Downloading: "https://download.pytorch.org/models/resnet18-f37072fd.pth" to /home/edouardr/.cache/torch/hub/checkpoints/resnet18-f37072fd.pth
[Train] device=cuda:0, CUDA=True
[2025-04-29 21:33:14,151][HYDRA] 	#46 : model=resnet model.params.epochs=100 model.params.batch_size=64 model.kernel_size=7
Downloading: "https://download.pytorch.org/models/resnet18-f37072fd.pth" to /home/edouardr/.cache/torch/hub/checkpoints/resnet18-f37072fd.pth
[Train] device=cuda:0, CUDA=True
[2025-04-29 21:33:17,735][HYDRA] 	#47 : model=resnet model.params.epochs=100 model.params.batch_size=64 model.kernel_size=15
Downloading: "https://download.pytorch.org/models/resnet18-f37072fd.pth" to /home/edouardr/.cache/torch/hub/checkpoints/resnet18-f37072fd.pth
[Train] device=cuda:0, CUDA=True
Error executing job with overrides: ['model=resnet', 'model.params.epochs=20', 'model.params.batch_size=8', 'model.kernel_size=3']
Traceback (most recent call last):
  File "/cvmfs/soft.computecanada.ca/easybuild/software/2023/x86-64-v4/Compiler/gcccore/python/3.11.5/lib/python3.11/urllib/request.py", line 1348, in do_open
    h.request(req.get_method(), req.selector, req.data, headers,
  File "/cvmfs/soft.computecanada.ca/easybuild/software/2023/x86-64-v4/Compiler/gcccore/python/3.11.5/lib/python3.11/http/client.py", line 1286, in request
    self._send_request(method, url, body, headers, encode_chunked)
  File "/cvmfs/soft.computecanada.ca/easybuild/software/2023/x86-64-v4/Compiler/gcccore/python/3.11.5/lib/python3.11/http/client.py", line 1332, in _send_request
    self.endheaders(body, encode_chunked=encode_chunked)
  File "/cvmfs/soft.computecanada.ca/easybuild/software/2023/x86-64-v4/Compiler/gcccore/python/3.11.5/lib/python3.11/http/client.py", line 1281, in endheaders
    self._send_output(message_body, encode_chunked=encode_chunked)
  File "/cvmfs/soft.computecanada.ca/easybuild/software/2023/x86-64-v4/Compiler/gcccore/python/3.11.5/lib/python3.11/http/client.py", line 1041, in _send_output
    self.send(msg)
  File "/cvmfs/soft.computecanada.ca/easybuild/software/2023/x86-64-v4/Compiler/gcccore/python/3.11.5/lib/python3.11/http/client.py", line 979, in send
    self.connect()
  File "/cvmfs/soft.computecanada.ca/easybuild/software/2023/x86-64-v4/Compiler/gcccore/python/3.11.5/lib/python3.11/http/client.py", line 1451, in connect
    super().connect()
  File "/cvmfs/soft.computecanada.ca/easybuild/software/2023/x86-64-v4/Compiler/gcccore/python/3.11.5/lib/python3.11/http/client.py", line 945, in connect
    self.sock = self._create_connection(
                ^^^^^^^^^^^^^^^^^^^^^^^^
  File "/cvmfs/soft.computecanada.ca/easybuild/software/2023/x86-64-v4/Compiler/gcccore/python/3.11.5/lib/python3.11/socket.py", line 851, in create_connection
    raise exceptions[0]
  File "/cvmfs/soft.computecanada.ca/easybuild/software/2023/x86-64-v4/Compiler/gcccore/python/3.11.5/lib/python3.11/socket.py", line 836, in create_connection
    sock.connect(sa)
OSError: [Errno 101] Network is unreachable

During handling of the above exception, another exception occurred:

Traceback (most recent call last):
  File "/lustre03/project/6022836/edouardr/VRP/train.py", line 23, in main
    model = load_model(cfg.model.name, device, cfg.model)
            ^^^^^^^^^^^^^^^^^^^^^^^^^^^^^^^^^^^^^^^^^^^^^
  File "/lustre03/project/6022836/edouardr/VRP/src/models/__init__.py", line 68, in load_model
    model = _MODEL_REGISTRY[model_name](cfgm, device)
            ^^^^^^^^^^^^^^^^^^^^^^^^^^^^^^^^^^^^^^^^^
  File "/lustre03/project/6022836/edouardr/VRP/src/models/__init__.py", line 41, in _load_resnet
    return ResNetScoringModel(
           ^^^^^^^^^^^^^^^^^^^
  File "/lustre03/project/6022836/edouardr/VRP/src/models/resnet.py", line 26, in __init__
    self.backbone = models.resnet18(
                    ^^^^^^^^^^^^^^^^
  File "/localscratch/edouardr.55595183.0/env/lib/python3.11/site-packages/torchvision/models/_utils.py", line 142, in wrapper
    return fn(*args, **kwargs)
           ^^^^^^^^^^^^^^^^^^^
  File "/localscratch/edouardr.55595183.0/env/lib/python3.11/site-packages/torchvision/models/_utils.py", line 228, in inner_wrapper
    return builder(*args, **kwargs)
           ^^^^^^^^^^^^^^^^^^^^^^^^
  File "/localscratch/edouardr.55595183.0/env/lib/python3.11/site-packages/torchvision/models/resnet.py", line 705, in resnet18
    return _resnet(BasicBlock, [2, 2, 2, 2], weights, progress, **kwargs)
           ^^^^^^^^^^^^^^^^^^^^^^^^^^^^^^^^^^^^^^^^^^^^^^^^^^^^^^^^^^^^^^
  File "/localscratch/edouardr.55595183.0/env/lib/python3.11/site-packages/torchvision/models/resnet.py", line 301, in _resnet
    model.load_state_dict(weights.get_state_dict(progress=progress, check_hash=True))
                          ^^^^^^^^^^^^^^^^^^^^^^^^^^^^^^^^^^^^^^^^^^^^^^^^^^^^^^^^^^
  File "/localscratch/edouardr.55595183.0/env/lib/python3.11/site-packages/torchvision/models/_api.py", line 90, in get_state_dict
    return load_state_dict_from_url(self.url, *args, **kwargs)
           ^^^^^^^^^^^^^^^^^^^^^^^^^^^^^^^^^^^^^^^^^^^^^^^^^^^
  File "/localscratch/edouardr.55595183.0/env/lib/python3.11/site-packages/torch/hub.py", line 867, in load_state_dict_from_url
    download_url_to_file(url, cached_file, hash_prefix, progress=progress)
  File "/localscratch/edouardr.55595183.0/env/lib/python3.11/site-packages/torch/hub.py", line 708, in download_url_to_file
    u = urlopen(req)
        ^^^^^^^^^^^^
  File "/cvmfs/soft.computecanada.ca/easybuild/software/2023/x86-64-v4/Compiler/gcccore/python/3.11.5/lib/python3.11/urllib/request.py", line 216, in urlopen
    return opener.open(url, data, timeout)
           ^^^^^^^^^^^^^^^^^^^^^^^^^^^^^^^
  File "/cvmfs/soft.computecanada.ca/easybuild/software/2023/x86-64-v4/Compiler/gcccore/python/3.11.5/lib/python3.11/urllib/request.py", line 519, in open
    response = self._open(req, data)
               ^^^^^^^^^^^^^^^^^^^^^
  File "/cvmfs/soft.computecanada.ca/easybuild/software/2023/x86-64-v4/Compiler/gcccore/python/3.11.5/lib/python3.11/urllib/request.py", line 536, in _open
    result = self._call_chain(self.handle_open, protocol, protocol +
             ^^^^^^^^^^^^^^^^^^^^^^^^^^^^^^^^^^^^^^^^^^^^^^^^^^^^^^^
  File "/cvmfs/soft.computecanada.ca/easybuild/software/2023/x86-64-v4/Compiler/gcccore/python/3.11.5/lib/python3.11/urllib/request.py", line 496, in _call_chain
    result = func(*args)
             ^^^^^^^^^^^
  File "/cvmfs/soft.computecanada.ca/easybuild/software/2023/x86-64-v4/Compiler/gcccore/python/3.11.5/lib/python3.11/urllib/request.py", line 1391, in https_open
    return self.do_open(http.client.HTTPSConnection, req,
           ^^^^^^^^^^^^^^^^^^^^^^^^^^^^^^^^^^^^^^^^^^^^^^
  File "/cvmfs/soft.computecanada.ca/easybuild/software/2023/x86-64-v4/Compiler/gcccore/python/3.11.5/lib/python3.11/urllib/request.py", line 1351, in do_open
    raise URLError(err)
urllib.error.URLError: <urlopen error [Errno 101] Network is unreachable>

Set the environment variable HYDRA_FULL_ERROR=1 for a complete stack trace.
